2021/11/08 12:53:26; DEBUG; ; None;
2021/11/08 12:53:26; DEBUG; --- Started Step 1/3 ---; None;
2021/11/08 12:53:26; DEBUG; Element //*[@id="email"] found!; None;
2021/11/08 12:53:27; DEBUG; Action: 'Digitar' completed successfully.; None;
2021/11/08 12:53:27; DEBUG; ; None;
2021/11/08 12:53:27; DEBUG; --- Started Step 2/3 ---; None;
2021/11/08 12:53:27; DEBUG; Element //*[@id="pass"] found!; None;
2021/11/08 12:53:29; DEBUG; Action: 'Digitar' completed successfully.; None;
2021/11/08 12:53:29; DEBUG; ; None;
2021/11/08 12:53:29; DEBUG; --- Started Step 3/3 ---; None;
2021/11/08 12:53:29; DEBUG; Element //*[@id="pass"] found!; None;
2021/11/08 12:53:30; DEBUG; Action: 'Enter' completed successfully.; None;
2021/11/08 12:54:25; DEBUG; ; None;
2021/11/08 12:54:25; DEBUG; --- Started Step 4/4 ---; None;
2021/11/08 12:54:26; DEBUG; STREAM b'IHDR' 16 13;
2021/11/08 12:54:26; DEBUG; STREAM b'IDAT' 41 494;
2021/11/08 12:54:27; DEBUG; Action: 'Click' completed successfully.; None;
2021/11/08 12:54:27; DEBUG; ; None;
2021/11/08 12:54:27; DEBUG; --- Started Step 5/5 ---; None;
2021/11/08 12:54:28; DEBUG; STREAM b'IHDR' 16 13;
2021/11/08 12:54:28; DEBUG; STREAM b'IDAT' 41 494;
2021/11/08 12:54:30; DEBUG; Action: 'Click' completed successfully.; None;
2021/11/08 12:54:30; DEBUG; ; None;
2021/11/08 12:54:30; DEBUG; --- Started Step 6/6 ---; None;
2021/11/08 12:54:31; DEBUG; STREAM b'IHDR' 16 13;
2021/11/08 12:54:31; DEBUG; STREAM b'IDAT' 41 494;
2021/11/08 12:54:32; DEBUG; Action: 'Click' completed successfully.; None;
2021/11/08 12:54:32; DEBUG; ; None;
2021/11/08 12:54:32; DEBUG; --- Started Step 7/7 ---; None;
2021/11/08 12:54:33; DEBUG; STREAM b'IHDR' 16 13;
2021/11/08 12:54:33; DEBUG; STREAM b'IDAT' 41 494;
2021/11/08 12:54:34; DEBUG; Action: 'Click' completed successfully.; None;
2021/11/08 12:54:34; DEBUG; ; None;
2021/11/08 12:54:34; DEBUG; --- Started Step 8/8 ---; None;
2021/11/08 12:54:35; DEBUG; STREAM b'IHDR' 16 13;
2021/11/08 12:54:35; DEBUG; STREAM b'IDAT' 41 494;
2021/11/08 12:54:36; DEBUG; Action: 'Click' completed successfully.; None;
2021/11/08 12:54:36; DEBUG; ; None;
2021/11/08 12:54:36; DEBUG; --- Started Step 9/9 ---; None;
2021/11/08 12:54:37; DEBUG; STREAM b'IHDR' 16 13;
2021/11/08 12:54:37; DEBUG; STREAM b'IDAT' 41 494;
2021/11/08 12:54:38; DEBUG; Action: 'Click' completed successfully.; None;
2021/11/08 12:55:31; DEBUG; ; None;
2021/11/08 12:55:31; DEBUG; --- Started Step 10/10 ---; None;
2021/11/08 01:09:53; DEBUG; ; None;
2021/11/08 01:09:53; DEBUG; --- Started Step 1/3 ---; None;
2021/11/08 01:09:53; DEBUG; Element //*[@id="email"] found!; None;
2021/11/08 01:09:54; DEBUG; Action: 'Digitar' completed successfully.; None;
2021/11/08 01:09:54; DEBUG; ; None;
2021/11/08 01:09:54; DEBUG; --- Started Step 2/3 ---; None;
2021/11/08 01:09:54; DEBUG; Element //*[@id="pass"] found!; None;
2021/11/08 01:09:55; DEBUG; Action: 'Digitar' completed successfully.; None;
2021/11/08 01:09:55; DEBUG; ; None;
2021/11/08 01:09:55; DEBUG; --- Started Step 3/3 ---; None;
2021/11/08 01:09:55; DEBUG; Element //*[@id="pass"] found!; None;
2021/11/08 01:09:56; DEBUG; Action: 'Enter' completed successfully.; None;
2021/11/08 01:11:11; DEBUG; ; None;
2021/11/08 01:11:11; DEBUG; --- Started Step 4/4 ---; None;
2021/11/08 01:11:12; DEBUG; STREAM b'IHDR' 16 13;
2021/11/08 01:11:12; DEBUG; STREAM b'IDAT' 41 487;
2021/11/08 01:11:13; DEBUG; Action: 'Click' completed successfully.; None;
2021/11/08 01:11:36; DEBUG; ; None;
2021/11/08 01:11:36; DEBUG; --- Started Step 1/4 ---; None;
2021/11/08 01:11:36; DEBUG; Element //*[@id="email"] found!; None;
2021/11/08 01:11:37; DEBUG; Action: 'Digitar' completed successfully.; None;
2021/11/08 01:11:37; DEBUG; ; None;
2021/11/08 01:11:37; DEBUG; --- Started Step 2/4 ---; None;
2021/11/08 01:11:37; DEBUG; Element //*[@id="pass"] found!; None;
2021/11/08 01:11:38; DEBUG; Action: 'Digitar' completed successfully.; None;
2021/11/08 01:11:38; DEBUG; ; None;
2021/11/08 01:11:38; DEBUG; --- Started Step 3/4 ---; None;
2021/11/08 01:11:39; DEBUG; Element //*[@id="pass"] found!; None;
2021/11/08 01:11:40; DEBUG; Action: 'Enter' completed successfully.; None;
2021/11/08 01:11:40; DEBUG; ; None;
2021/11/08 01:11:40; DEBUG; --- Started Step 4/4 ---; None;
2021/11/08 01:11:41; DEBUG; STREAM b'IHDR' 16 13;
2021/11/08 01:11:41; DEBUG; STREAM b'IDAT' 41 487;
2021/11/08 01:11:43; DEBUG; Action: 'Click' completed successfully.; None;
2021/11/08 01:15:11; DEBUG; ; None;
2021/11/08 01:15:11; DEBUG; --- Started Step 1/4 ---; None;
2021/11/08 01:15:11; DEBUG; Element //*[@id="email"] found!; None;
2021/11/08 01:15:12; DEBUG; Action: 'Digitar' completed successfully.; None;
2021/11/08 01:15:12; DEBUG; ; None;
2021/11/08 01:15:12; DEBUG; --- Started Step 2/4 ---; None;
2021/11/08 01:15:13; DEBUG; Element //*[@id="pass"] found!; None;
2021/11/08 01:15:14; DEBUG; Action: 'Digitar' completed successfully.; None;
2021/11/08 01:15:14; DEBUG; ; None;
2021/11/08 01:15:14; DEBUG; --- Started Step 3/4 ---; None;
2021/11/08 01:15:14; DEBUG; Element //*[@id="pass"] found!; None;
2021/11/08 01:15:15; DEBUG; Action: 'Enter' completed successfully.; None;
2021/11/08 01:15:15; DEBUG; ; None;
2021/11/08 01:15:15; DEBUG; --- Started Step 4/4 ---; None;
2021/11/08 01:15:16; DEBUG; STREAM b'IHDR' 16 13;
2021/11/08 01:15:16; DEBUG; STREAM b'IDAT' 41 487;
2021/11/08 01:15:20; DEBUG; Action: 'Click' completed successfully.; None;
2021/11/08 01:16:22; DEBUG; ; None;
2021/11/08 01:16:22; DEBUG; --- Started Step 1/4 ---; None;
2021/11/08 01:16:22; DEBUG; Element //*[@id="email"] found!; None;
2021/11/08 01:16:23; DEBUG; Action: 'Digitar' completed successfully.; None;
2021/11/08 01:16:23; DEBUG; ; None;
2021/11/08 01:16:23; DEBUG; --- Started Step 2/4 ---; None;
2021/11/08 01:16:23; DEBUG; Element //*[@id="pass"] found!; None;
2021/11/08 01:16:25; DEBUG; Action: 'Digitar' completed successfully.; None;
2021/11/08 01:16:25; DEBUG; ; None;
2021/11/08 01:16:25; DEBUG; --- Started Step 3/4 ---; None;
2021/11/08 01:16:25; DEBUG; Element //*[@id="pass"] found!; None;
2021/11/08 01:16:26; DEBUG; Action: 'Enter' completed successfully.; None;
2021/11/08 01:16:26; DEBUG; ; None;
2021/11/08 01:16:26; DEBUG; --- Started Step 4/4 ---; None;
2021/11/08 01:16:28; DEBUG; STREAM b'IHDR' 16 13;
2021/11/08 01:16:28; DEBUG; STREAM b'IDAT' 41 487;
2021/11/08 01:17:02; DEBUG; ; None;
2021/11/08 01:17:02; DEBUG; --- Started Step 1/4 ---; None;
2021/11/08 01:17:02; DEBUG; Element //*[@id="email"] found!; None;
2021/11/08 01:17:03; DEBUG; Action: 'Digitar' completed successfully.; None;
2021/11/08 01:17:03; DEBUG; ; None;
2021/11/08 01:17:03; DEBUG; --- Started Step 2/4 ---; None;
2021/11/08 01:17:03; DEBUG; Element //*[@id="pass"] found!; None;
2021/11/08 01:17:04; DEBUG; Action: 'Digitar' completed successfully.; None;
2021/11/08 01:17:04; DEBUG; ; None;
2021/11/08 01:17:04; DEBUG; --- Started Step 3/4 ---; None;
2021/11/08 01:17:04; DEBUG; Element //*[@id="pass"] found!; None;
2021/11/08 01:17:05; DEBUG; Action: 'Enter' completed successfully.; None;
2021/11/08 01:17:05; DEBUG; ; None;
2021/11/08 01:17:05; DEBUG; --- Started Step 4/4 ---; None;
2021/11/08 01:17:10; DEBUG; STREAM b'IHDR' 16 13;
2021/11/08 01:17:10; DEBUG; STREAM b'IDAT' 41 487;
2021/11/08 01:19:03; DEBUG; Action: 'Click' completed successfully.; None;
2021/11/08 01:21:52; DEBUG; ; None;
2021/11/08 01:21:52; DEBUG; --- Started Step 1/3 ---; None;
2021/11/08 01:21:52; DEBUG; Element //*[@id="email"] found!; None;
2021/11/08 01:21:54; DEBUG; Action: 'Digitar' completed successfully.; None;
2021/11/08 01:21:54; DEBUG; ; None;
2021/11/08 01:21:54; DEBUG; --- Started Step 2/3 ---; None;
2021/11/08 01:21:54; DEBUG; Element //*[@id="pass"] found!; None;
2021/11/08 01:21:55; DEBUG; Action: 'Digitar' completed successfully.; None;
2021/11/08 01:21:55; DEBUG; ; None;
2021/11/08 01:21:55; DEBUG; --- Started Step 3/3 ---; None;
2021/11/08 01:21:55; DEBUG; Element //*[@id="pass"] found!; None;
2021/11/08 01:21:56; DEBUG; Action: 'Enter' completed successfully.; None;
