2021/11/10 01:13:43; DEBUG; ; None;
2021/11/10 01:13:43; DEBUG; --- Started Step 1/3 ---; None;
2021/11/10 01:13:43; DEBUG; Element //*[@id="email"] found!; None;
2021/11/10 01:13:45; DEBUG; Action: 'Digitar' completed successfully.; None;
2021/11/10 01:13:45; DEBUG; ; None;
2021/11/10 01:13:45; DEBUG; --- Started Step 2/3 ---; None;
2021/11/10 01:13:45; DEBUG; Element //*[@id="pass"] found!; None;
2021/11/10 01:13:46; DEBUG; Action: 'Digitar' completed successfully.; None;
2021/11/10 01:13:46; DEBUG; ; None;
2021/11/10 01:13:46; DEBUG; --- Started Step 3/3 ---; None;
2021/11/10 01:13:46; DEBUG; Element //*[@id="pass"] found!; None;
2021/11/10 01:13:47; DEBUG; Action: 'Enter' completed successfully.; None;
2021/11/10 01:16:39; DEBUG; ; None;
2021/11/10 01:16:39; DEBUG; --- Started Step 1/3 ---; None;
2021/11/10 01:16:39; DEBUG; Element //*[@id="email"] found!; None;
2021/11/10 01:16:40; DEBUG; Action: 'Digitar' completed successfully.; None;
2021/11/10 01:16:40; DEBUG; ; None;
2021/11/10 01:16:40; DEBUG; --- Started Step 2/3 ---; None;
2021/11/10 01:16:40; DEBUG; Element //*[@id="pass"] found!; None;
2021/11/10 01:16:42; DEBUG; Action: 'Digitar' completed successfully.; None;
2021/11/10 01:16:42; DEBUG; ; None;
2021/11/10 01:16:42; DEBUG; --- Started Step 3/3 ---; None;
2021/11/10 01:16:42; DEBUG; Element //*[@id="pass"] found!; None;
2021/11/10 01:16:43; DEBUG; Action: 'Enter' completed successfully.; None;
2021/11/10 01:17:28; DEBUG; ; None;
2021/11/10 01:17:28; DEBUG; --- Started Step 4/4 ---; None;
2021/11/10 01:17:28; DEBUG; Element //*[@id="mount_0_0_Xb"]/div/div[1]/div/div[2]/div[3]/div/div[1]/div[1]/ul/li[4]/span/div/a found!; None;
2021/11/10 01:17:30; DEBUG; Action: 'Click' completed successfully.; None;
